  [1m[36mSQL (0.3ms)[0m  [1m SELECT name
 FROM sqlite_master
 WHERE type = 'table' AND NOT name = 'sqlite_sequence'
[0m
  [1m[35mSQL (0.1ms)[0m  select sqlite_version(*)
  [1m[36mSQL (3.4ms)[0m  [1mCREATE TABLE "schema_migrations" ("version" varchar(255) NOT NULL) [0m
  [1m[35mSQL (0.1ms)[0m  PRAGMA index_list("schema_migrations")
  [1m[36mSQL (1.1ms)[0m  [1mCREATE UNIQUE INDEX "unique_schema_migrations" ON "schema_migrations" ("version")[0m
  [1m[35mSQL (0.1ms)[0m   SELECT name
 FROM sqlite_master
 WHERE type = 'table' AND NOT name = 'sqlite_sequence'
  [1m[36mSQL (0.1ms)[0m  [1m SELECT name
 FROM sqlite_master
 WHERE type = 'table' AND NOT name = 'sqlite_sequence'
[0m
  [1m[35mSQL (0.1ms)[0m  SELECT "schema_migrations"."version" FROM "schema_migrations"
Migrating to CreateStudents (20110320224518)
  [1m[36mSQL (0.5ms)[0m  [1mCREATE TABLE "students" ("id" INTEGER PRIMARY KEY AUTOINCREMENT NOT NULL, "studentID" integer, "studentName" varchar(255), "studentPhoto" varchar(255), "created_at" datetime, "updated_at" datetime) [0m
  [1m[35mSQL (0.1ms)[0m  INSERT INTO "schema_migrations" ("version") VALUES ('20110320224518')
  [1m[36mSQL (0.2ms)[0m  [1m SELECT name
 FROM sqlite_master
 WHERE type = 'table' AND NOT name = 'sqlite_sequence'
[0m
  [1m[35mSQL (0.1ms)[0m  SELECT "schema_migrations"."version" FROM "schema_migrations"
  [1m[36mSQL (0.1ms)[0m  [1m SELECT name
 FROM sqlite_master
 WHERE type = 'table' AND NOT name = 'sqlite_sequence'
[0m
  [1m[35mSQL (0.0ms)[0m  PRAGMA index_list("students")


Started GET "/new" for 192.168.2.13 at Sun Mar 20 18:46:55 -0400 2011

ActionController::RoutingError (No route matches "/new"):
  

Rendered /Library/Ruby/Gems/1.8/gems/actionpack-3.0.1/lib/action_dispatch/middleware/templates/rescues/routing_error.erb within rescues/layout (1.2ms)


Started GET "/style.css" for 75.204.90.136 at Mon Mar 21 08:58:55 -0400 2011

ActionController::RoutingError (No route matches "/style.css"):
  

Rendered /Library/Ruby/Gems/1.8/gems/actionpack-3.0.1/lib/action_dispatch/middleware/templates/rescues/routing_error.erb within rescues/layout (0.8ms)


Started GET "/students/new" for 75.204.90.136 at Mon Mar 21 11:06:46 -0400 2011
  Processing by StudentsController#new as HTML
Rendered students/_form.html.erb (59.7ms)
Rendered students/new.html.erb within layouts/application (64.4ms)
Completed 200 OK in 76ms (Views: 71.3ms | ActiveRecord: 0.0ms)


Started GET "/students/images/background.jpg" for 75.204.90.136 at Mon Mar 21 11:07:04 -0400 2011

ActionController::RoutingError (No route matches "/students/images/background.jpg"):
  

Rendered /Library/Ruby/Gems/1.8/gems/actionpack-3.0.1/lib/action_dispatch/middleware/templates/rescues/routing_error.erb within rescues/layout (0.8ms)


Started GET "/students" for 98.64.214.160 at Mon Mar 21 11:19:32 -0400 2011
  Processing by StudentsController#index as HTML
  [1m[35mStudent Load (0.3ms)[0m  SELECT "students".* FROM "students"
Rendered students/index.html.erb within layouts/application (3.2ms)
Completed 200 OK in 17ms (Views: 9.8ms | ActiveRecord: 0.3ms)


Started GET "/students/new" for 98.64.214.160 at Mon Mar 21 11:19:38 -0400 2011
  Processing by StudentsController#new as HTML
Rendered students/_form.html.erb (7.2ms)
Rendered students/new.html.erb within layouts/application (11.4ms)
Completed 200 OK in 22ms (Views: 17.4ms | ActiveRecord: 0.0ms)


Started GET "/students/images/background.jpg" for 98.64.214.160 at Mon Mar 21 11:19:39 -0400 2011

ActionController::RoutingError (No route matches "/students/images/background.jpg"):
  

Rendered /Library/Ruby/Gems/1.8/gems/actionpack-3.0.1/lib/action_dispatch/middleware/templates/rescues/routing_error.erb within rescues/layout (0.7ms)


Started POST "/students" for 98.64.214.160 at Mon Mar 21 11:20:06 -0400 2011
  Processing by StudentsController#create as HTML
  Parameters: {"commit"=>"Create Student", "authenticity_token"=>"rEThkpy+YoBn2nXC+BwegKN12WFcei8s067px726hJk=", "utf8"=>"✓", "student"=>{"studentID"=>"12847", "studentPhoto"=>"/path/to/photo", "studentName"=>"Jimmy Lopez"}}
  [1m[36mSQL (0.3ms)[0m  [1mINSERT INTO "students" ("created_at", "studentID", "studentName", "studentPhoto", "updated_at") VALUES ('2011-03-21 15:20:06.210810', 12847, 'Jimmy Lopez', '/path/to/photo', '2011-03-21 15:20:06.210810')[0m
Redirected to http://morales.dyndns.biz:3000/students/1
Completed 302 Found in 17ms


Started GET "/students/1" for 98.64.214.160 at Mon Mar 21 11:20:06 -0400 2011
  Processing by StudentsController#show as HTML
  Parameters: {"id"=>"1"}
  [1m[35mStudent Load (0.2ms)[0m  SELECT "students".* FROM "students" WHERE ("students"."id" = 1) LIMIT 1
Rendered students/show.html.erb within layouts/application (75.4ms)
Completed 200 OK in 88ms (Views: 81.5ms | ActiveRecord: 0.5ms)


Started GET "/students/images/background.jpg" for 98.64.214.160 at Mon Mar 21 11:20:07 -0400 2011

ActionController::RoutingError (No route matches "/students/images/background.jpg"):
  

Rendered /Library/Ruby/Gems/1.8/gems/actionpack-3.0.1/lib/action_dispatch/middleware/templates/rescues/routing_error.erb within rescues/layout (0.8ms)


Started GET "/students" for 98.64.214.160 at Mon Mar 21 11:20:11 -0400 2011
  Processing by StudentsController#index as HTML
  [1m[36mStudent Load (0.4ms)[0m  [1mSELECT "students".* FROM "students"[0m
Rendered students/index.html.erb within layouts/application (7.5ms)
Completed 200 OK in 24ms (Views: 13.6ms | ActiveRecord: 0.4ms)


Started GET "/schools" for 98.64.214.160 at Mon Mar 21 11:20:33 -0400 2011

ActionController::RoutingError (No route matches "/schools"):
  

Rendered /Library/Ruby/Gems/1.8/gems/actionpack-3.0.1/lib/action_dispatch/middleware/templates/rescues/routing_error.erb within rescues/layout (0.7ms)


Started GET "/school" for 98.64.214.160 at Mon Mar 21 11:20:41 -0400 2011

ActionController::RoutingError (No route matches "/school"):
  

Rendered /Library/Ruby/Gems/1.8/gems/actionpack-3.0.1/lib/action_dispatch/middleware/templates/rescues/routing_error.erb within rescues/layout (0.7ms)
